# JRE version: Java(TM) SE Runtime Environment (8.0_221-b11) (build 1.8.0_221-b11)
# Java VM: Java HotSpot(TM) 64-Bit Server VM (25.221-b11 mixed mode windows-amd64 compressed oops)
Heap:
 PSYoungGen      total 216064K, used 56344K [0x00000000d6300000, 0x00000000e8c00000, 0x0000000100000000)
  eden space 204800K, 22% used [0x00000000d6300000,0x00000000d8f08160,0x00000000e2b00000)
  from space 11264K, 99% used [0x00000000e2b00000,0x00000000e35fe138,0x00000000e3600000)
  to   space 14336K, 0% used [0x00000000e7e00000,0x00000000e7e00000,0x00000000e8c00000)
 ParOldGen       total 54272K, used 13002K [0x0000000082800000, 0x0000000085d00000, 0x00000000d6300000)
  object space 54272K, 23% used [0x0000000082800000,0x00000000834b2b88,0x0000000085d00000)
 Metaspace       used 33999K, capacity 35338K, committed 35496K, reserved 1079296K
  class space    used 4464K, capacity 4745K, committed 4864K, reserved 1048576K
GC Heap History (10 events):
Event: 3.698 GC heap before
{Heap before GC invocations=6 (full 0):
 PSYoungGen      total 70656K, used 24419K [0x00000000d6300000, 0x00000000df400000, 0x0000000100000000)
  eden space 65536K, 29% used [0x00000000d6300000,0x00000000d75dd080,0x00000000da300000)
  from space 5120K, 99% used [0x00000000da300000,0x00000000da7fbd28,0x00000000da800000)
  to   space 8704K, 0% used [0x00000000deb80000,0x00000000deb80000,0x00000000df400000)
 ParOldGen       total 86016K, used 4430K [0x0000000082800000, 0x0000000087c00000, 0x00000000d6300000)
  object space 86016K, 5% used [0x0000000082800000,0x0000000082c538e0,0x0000000087c00000)
 Metaspace       used 20526K, capacity 21168K, committed 21296K, reserved 1067008K
  class space    used 2687K, capacity 2868K, committed 2944K, reserved 1048576K
Event: 3.707 GC heap after
Heap after GC invocations=6 (full 0):
 PSYoungGen      total 139776K, used 6488K [0x00000000d6300000, 0x00000000df400000, 0x0000000100000000)
  eden space 131072K, 0% used [0x00000000d6300000,0x00000000d6300000,0x00000000de300000)
  from space 8704K, 74% used [0x00000000deb80000,0x00000000df1d6380,0x00000000df400000)
  to   space 8704K, 0% used [0x00000000de300000,0x00000000de300000,0x00000000deb80000)
 ParOldGen       total 86016K, used 4438K [0x0000000082800000, 0x0000000087c00000, 0x00000000d6300000)
  object space 86016K, 5% used [0x0000000082800000,0x0000000082c558e0,0x0000000087c00000)
 Metaspace       used 20526K, capacity 21168K, committed 21296K, reserved 1067008K
  class space    used 2687K, capacity 2868K, committed 2944K, reserved 1048576K
}
Event: 3.707 GC heap before
{Heap before GC invocations=7 (full 1):
 PSYoungGen      total 139776K, used 6488K [0x00000000d6300000, 0x00000000df400000, 0x0000000100000000)
  eden space 131072K, 0% used [0x00000000d6300000,0x00000000d6300000,0x00000000de300000)
  from space 8704K, 74% used [0x00000000deb80000,0x00000000df1d6380,0x00000000df400000)
  to   space 8704K, 0% used [0x00000000de300000,0x00000000de300000,0x00000000deb80000)
 ParOldGen       total 86016K, used 4438K [0x0000000082800000, 0x0000000087c00000, 0x00000000d6300000)
  object space 86016K, 5% used [0x0000000082800000,0x0000000082c558e0,0x0000000087c00000)
 Metaspace       used 20526K, capacity 21168K, committed 21296K, reserved 1067008K
  class space    used 2687K, capacity 2868K, committed 2944K, reserved 1048576K
Event: 3.750 GC heap after
Heap after GC invocations=7 (full 1):
 PSYoungGen      total 139776K, used 0K [0x00000000d6300000, 0x00000000df400000, 0x0000000100000000)
  eden space 131072K, 0% used [0x00000000d6300000,0x00000000d6300000,0x00000000de300000)
  from space 8704K, 0% used [0x00000000deb80000,0x00000000deb80000,0x00000000df400000)
  to   space 8704K, 0% used [0x00000000de300000,0x00000000de300000,0x00000000deb80000)
 ParOldGen       total 54272K, used 6715K [0x0000000082800000, 0x0000000085d00000, 0x00000000d6300000)
  object space 54272K, 12% used [0x0000000082800000,0x0000000082e8ee10,0x0000000085d00000)
 Metaspace       used 20525K, capacity 21162K, committed 21296K, reserved 1067008K
  class space    used 2686K, capacity 2867K, committed 2944K, reserved 1048576K
}
Event: 7.491 GC heap before
{Heap before GC invocations=8 (full 1):
 PSYoungGen      total 139776K, used 131072K [0x00000000d6300000, 0x00000000df400000, 0x0000000100000000)
  eden space 131072K, 100% used [0x00000000d6300000,0x00000000de300000,0x00000000de300000)
  from space 8704K, 0% used [0x00000000deb80000,0x00000000deb80000,0x00000000df400000)
  to   space 8704K, 0% used [0x00000000de300000,0x00000000de300000,0x00000000deb80000)
 ParOldGen       total 54272K, used 6715K [0x0000000082800000, 0x0000000085d00000, 0x00000000d6300000)
  object space 54272K, 12% used [0x0000000082800000,0x0000000082e8ee10,0x0000000085d00000)
 Metaspace       used 25242K, capacity 26210K, committed 26496K, reserved 1073152K
  class space    used 3376K, capacity 3599K, committed 3712K, reserved 1048576K
Event: 7.497 GC heap after
Heap after GC invocations=8 (full 1):
 PSYoungGen      total 139776K, used 7406K [0x00000000d6300000, 0x00000000e3f00000, 0x0000000100000000)
  eden space 131072K, 0% used [0x00000000d6300000,0x00000000d6300000,0x00000000de300000)
  from space 8704K, 85% used [0x00000000de300000,0x00000000dea3bbe8,0x00000000deb80000)
  to   space 9216K, 0% used [0x00000000e3600000,0x00000000e3600000,0x00000000e3f00000)
 ParOldGen       total 54272K, used 6723K [0x0000000082800000, 0x0000000085d00000, 0x00000000d6300000)
  object space 54272K, 12% used [0x0000000082800000,0x0000000082e90e10,0x0000000085d00000)
 Metaspace       used 25242K, capacity 26210K, committed 26496K, reserved 1073152K
  class space    used 3376K, capacity 3599K, committed 3712K, reserved 1048576K
}
Event: 7.969 GC heap before
{Heap before GC invocations=9 (full 1):
 PSYoungGen      total 139776K, used 138478K [0x00000000d6300000, 0x00000000e3f00000, 0x0000000100000000)
  eden space 131072K, 100% used [0x00000000d6300000,0x00000000de300000,0x00000000de300000)
  from space 8704K, 85% used [0x00000000de300000,0x00000000dea3bbe8,0x00000000deb80000)
  to   space 9216K, 0% used [0x00000000e3600000,0x00000000e3600000,0x00000000e3f00000)
 ParOldGen       total 54272K, used 6723K [0x0000000082800000, 0x0000000085d00000, 0x00000000d6300000)
  object space 54272K, 12% used [0x0000000082800000,0x0000000082e90e10,0x0000000085d00000)
 Metaspace       used 27683K, capacity 28746K, committed 29056K, reserved 1075200K
  class space    used 3647K, capacity 3875K, committed 3968K, reserved 1048576K
Event: 7.977 GC heap after
Heap after GC invocations=9 (full 1):
 PSYoungGen      total 214016K, used 9196K [0x00000000d6300000, 0x00000000e4300000, 0x0000000100000000)
  eden space 204800K, 0% used [0x00000000d6300000,0x00000000d6300000,0x00000000e2b00000)
  from space 9216K, 99% used [0x00000000e3600000,0x00000000e3efb1f0,0x00000000e3f00000)
  to   space 11264K, 0% used [0x00000000e2b00000,0x00000000e2b00000,0x00000000e3600000)
 ParOldGen       total 54272K, used 8464K [0x0000000082800000, 0x0000000085d00000, 0x00000000d6300000)
  object space 54272K, 15% used [0x0000000082800000,0x00000000830440e0,0x0000000085d00000)
 Metaspace       used 27683K, capacity 28746K, committed 29056K, reserved 1075200K
  class space    used 3647K, capacity 3875K, committed 3968K, reserved 1048576K
}
Event: 8.656 GC heap before
{Heap before GC invocations=10 (full 1):
 PSYoungGen      total 214016K, used 213996K [0x00000000d6300000, 0x00000000e4300000, 0x0000000100000000)
  eden space 204800K, 100% used [0x00000000d6300000,0x00000000e2b00000,0x00000000e2b00000)
  from space 9216K, 99% used [0x00000000e3600000,0x00000000e3efb1f0,0x00000000e3f00000)
  to   space 11264K, 0% used [0x00000000e2b00000,0x00000000e2b00000,0x00000000e3600000)
 ParOldGen       total 54272K, used 8464K [0x0000000082800000, 0x0000000085d00000, 0x00000000d6300000)
  object space 54272K, 15% used [0x0000000082800000,0x00000000830440e0,0x0000000085d00000)
 Metaspace       used 32540K, capacity 33868K, committed 34048K, reserved 1079296K
  class space    used 4282K, capacity 4562K, committed 4608K, reserved 1048576K
Event: 8.666 GC heap after
Heap after GC invocations=10 (full 1):
 PSYoungGen      total 216064K, used 11256K [0x00000000d6300000, 0x00000000e8c00000, 0x0000000100000000)
  eden space 204800K, 0% used [0x00000000d6300000,0x00000000d6300000,0x00000000e2b00000)
  from space 11264K, 99% used [0x00000000e2b00000,0x00000000e35fe138,0x00000000e3600000)
  to   space 14336K, 0% used [0x00000000e7e00000,0x00000000e7e00000,0x00000000e8c00000)
 ParOldGen       total 54272K, used 13002K [0x0000000082800000, 0x0000000085d00000, 0x00000000d6300000)
  object space 54272K, 23% used [0x0000000082800000,0x00000000834b2b88,0x0000000085d00000)
 Metaspace       used 32540K, capacity 33868K, committed 34048K, reserved 1079296K
  class space    used 4282K, capacity 4562K, committed 4608K, reserved 1048576K
}

